-------------------------------------------------------------------------------
Test set: Runner.TestRunner
-------------------------------------------------------------------------------
Tests run: 1, Failures: 1, Errors: 0, Skipped: 0, Time elapsed: 6.172 s <<< FAILURE! - in Runner.TestRunner
Navigate to HN Website #2(HN Homepage)  Time elapsed: 4.668 s  <<< FAILURE!
org.junit.ComparisonFailure: expected:<[Computers, Electrical, Furniture & Bedding | Harvey Norman Australia]> but was:<[]>

